{"numTotalTestSuites":5,"numPassedTestSuites":5,"numFailedTestSuites":0,"numPendingTestSuites":0,"numTotalTests":7,"numPassedTests":7,"numFailedTests":0,"numPendingTests":0,"numTodoTests":0,"snapshot":{"added":0,"failure":false,"filesAdded":0,"filesRemoved":0,"filesRemovedList":[],"filesUnmatched":0,"filesUpdated":0,"matched":0,"total":0,"unchecked":0,"uncheckedKeysByFile":[],"unmatched":0,"updated":0,"didUpdate":false},"startTime":1772822962226,"success":true,"testResults":[{"assertionResults":[{"ancestorTitles":["documentController security fixes"],"fullName":"documentController security fixes blocks partners from generating upload tokens for another partner's lead","status":"passed","title":"blocks partners from generating upload tokens for another partner's lead","duration":6.489999999999782,"failureMessages":[],"meta":{}},{"ancestorTitles":["documentController security fixes"],"fullName":"documentController security fixes rejects uploads for a different document than the token was created for","status":"passed","title":"rejects uploads for a different document than the token was created for","duration":1.636199999999917,"failureMessages":[],"meta":{}},{"ancestorTitles":["documentController security fixes"],"fullName":"documentController security fixes releases the token reservation if the upload fails after consumption","status":"passed","title":"releases the token reservation if the upload fails after consumption","duration":12.632799999999861,"failureMessages":[],"meta":{}}],"startTime":1772822965321,"endTime":1772822965341.6328,"status":"passed","message":"","name":"C:/Users/risha/OneDrive/Desktop/loan-app/backend/src/tests/documentController.test.ts"},{"assertionResults":[{"ancestorTitles":["detectFileMimeType"],"fullName":"detectFileMimeType detects PDF content from file signature","status":"passed","title":"detects PDF content from file signature","duration":3.1512000000002445,"failureMessages":[],"meta":{}},{"ancestorTitles":["detectFileMimeType"],"fullName":"detectFileMimeType detects WebP content from RIFF and WEBP markers","status":"passed","title":"detects WebP content from RIFF and WEBP markers","duration":1.17679999999973,"failureMessages":[],"meta":{}},{"ancestorTitles":["validateMagicBytes"],"fullName":"validateMagicBytes rejects mismatched declared MIME types","status":"passed","title":"rejects mismatched declared MIME types","duration":8.004399999999805,"failureMessages":[],"meta":{}},{"ancestorTitles":["validateMagicBytes"],"fullName":"validateMagicBytes normalizes the uploaded file to the detected MIME type","status":"passed","title":"normalizes the uploaded file to the detected MIME type","duration":1.4904999999998836,"failureMessages":[],"meta":{}}],"startTime":1772822965281,"endTime":1772822965295.4905,"status":"passed","message":"","name":"C:/Users/risha/OneDrive/Desktop/loan-app/backend/src/tests/upload.middleware.test.ts"}]}